time=2023-05-09T13:42:31+07:00 level=debug msg=Init log successfully setup
time=2023-05-09T13:42:31+07:00 level=debug msg=Connecting to database postgresql://sts:*****@localhost:5432/go_kasir?pool_max_conns=1&pool_min_conns=1&application_name=GoKasir
time=2023-05-09T13:42:31+07:00 level=info msg=Starting pool with max connection  1
time=2023-05-09T13:42:42+07:00 level=debug msg=QUERY login user: SELECT * FROM learn_user WHERE username=:username AND password=:password 
time=2023-05-09T13:42:42+07:00 level=debug msg=QUERY login user: [args] {"password":"123","username":"sts"}
time=2023-05-09T13:46:28+07:00 level=debug msg=Init log successfully setup
time=2023-05-09T13:46:28+07:00 level=debug msg=Connecting to database postgresql://sts:*****@localhost:5432/go_kasir?pool_max_conns=1&pool_min_conns=1&application_name=GoKasir
time=2023-05-09T13:46:28+07:00 level=info msg=Starting pool with max connection  1
time=2023-05-09T13:46:35+07:00 level=debug msg=QUERY login user: SELECT * FROM learn_user WHERE username=:username AND password=:password 
time=2023-05-09T13:46:35+07:00 level=debug msg=QUERY login user: [args] {"password":"sts123","username":"sts"}
time=2023-05-09T13:49:27+07:00 level=debug msg=Init log successfully setup
time=2023-05-09T13:49:27+07:00 level=debug msg=Connecting to database postgresql://sts:*****@localhost:5432/go_kasir?pool_max_conns=1&pool_min_conns=1&application_name=GoKasir
time=2023-05-09T13:49:27+07:00 level=info msg=Starting pool with max connection  1
time=2023-05-09T13:49:30+07:00 level=debug msg=QUERY login user: SELECT * FROM learn_user WHERE username=:username AND password=:password 
time=2023-05-09T13:49:30+07:00 level=debug msg=QUERY login user: [args] {"password":"123","username":"sts"}
time=2023-05-09T13:52:08+07:00 level=debug msg=Init log successfully setup
time=2023-05-09T13:52:08+07:00 level=debug msg=Connecting to database postgresql://sts:*****@localhost:5432/go_kasir?pool_max_conns=1&pool_min_conns=1&application_name=GoKasir
time=2023-05-09T13:52:08+07:00 level=info msg=Starting pool with max connection  1
time=2023-05-09T13:52:12+07:00 level=debug msg=QUERY login user: SELECT * FROM learn_user WHERE username=:username AND password=:password 
time=2023-05-09T13:52:12+07:00 level=debug msg=QUERY login user: [args] {"password":"123","username":"dimas"}
time=2023-05-09T13:52:32+07:00 level=debug msg=Init log successfully setup
time=2023-05-09T13:52:32+07:00 level=debug msg=Connecting to database postgresql://sts:*****@localhost:5432/go_kasir?pool_max_conns=1&pool_min_conns=1&application_name=GoKasir
time=2023-05-09T13:52:32+07:00 level=info msg=Starting pool with max connection  1
time=2023-05-09T13:52:35+07:00 level=debug msg=QUERY login user: SELECT * FROM learn_user WHERE username=:username AND password=:password 
time=2023-05-09T13:52:35+07:00 level=debug msg=QUERY login user: [args] {"password":"123","username":"sts"}
time=2023-05-09T13:53:06+07:00 level=debug msg=Init log successfully setup
time=2023-05-09T13:53:06+07:00 level=debug msg=Connecting to database postgresql://sts:*****@localhost:5432/go_kasir?pool_max_conns=1&pool_min_conns=1&application_name=GoKasir
time=2023-05-09T13:53:06+07:00 level=info msg=Starting pool with max connection  1
time=2023-05-09T13:53:10+07:00 level=debug msg=QUERY login user: SELECT * FROM learn_user WHERE username=:username AND password=:password 
time=2023-05-09T13:53:10+07:00 level=debug msg=QUERY login user: [args] {"password":"1234","username":"sts"}
time=2023-05-09T13:53:54+07:00 level=debug msg=Init log successfully setup
time=2023-05-09T13:53:54+07:00 level=debug msg=Connecting to database postgresql://sts:*****@localhost:5432/go_kasir?pool_max_conns=1&pool_min_conns=1&application_name=GoKasir
time=2023-05-09T13:53:54+07:00 level=info msg=Starting pool with max connection  1
time=2023-05-09T13:53:58+07:00 level=debug msg=QUERY login user: SELECT * FROM learn_user WHERE username=:username AND password=:password 
time=2023-05-09T13:53:58+07:00 level=debug msg=QUERY login user: [args] {"password":"sts123","username":"sts"}
time=2023-05-09T13:55:32+07:00 level=debug msg=Init log successfully setup
time=2023-05-09T13:55:32+07:00 level=debug msg=Connecting to database postgresql://sts:*****@localhost:5432/go_kasir?pool_max_conns=1&pool_min_conns=1&application_name=GoKasir
time=2023-05-09T13:55:32+07:00 level=info msg=Starting pool with max connection  1
time=2023-05-09T13:55:34+07:00 level=debug msg=QUERY login user: SELECT * FROM learn_user WHERE username=:username AND password=:password 
time=2023-05-09T13:55:34+07:00 level=debug msg=QUERY login user: [args] {"password":"das","username":"asd"}
time=2023-05-09T14:06:35+07:00 level=debug msg=Init log successfully setup
time=2023-05-09T14:06:35+07:00 level=debug msg=Connecting to database postgresql://sts:*****@localhost:5432/go_kasir?pool_max_conns=1&pool_min_conns=1&application_name=GoKasir
time=2023-05-09T14:06:35+07:00 level=info msg=Starting pool with max connection  1
time=2023-05-09T14:06:39+07:00 level=debug msg=QUERY login user: SELECT * FROM learn_user WHERE username=:username AND password=:password 
time=2023-05-09T14:06:39+07:00 level=debug msg=QUERY login user: [args] {"password":"sts123","username":"sts"}
time=2023-05-09T14:07:22+07:00 level=debug msg=QUERY login user: SELECT * FROM learn_user WHERE username=:username AND password=:password 
time=2023-05-09T14:07:22+07:00 level=debug msg=QUERY login user: [args] {"password":"123","username":"dimassdoubles"}
time=2023-05-09T14:08:45+07:00 level=debug msg=Init log successfully setup
time=2023-05-09T14:08:45+07:00 level=debug msg=Connecting to database postgresql://sts:*****@localhost:5432/go_kasir?pool_max_conns=1&pool_min_conns=1&application_name=GoKasir
time=2023-05-09T14:08:45+07:00 level=info msg=Starting pool with max connection  1
time=2023-05-09T14:08:48+07:00 level=debug msg=QUERY login user: SELECT * FROM learn_user WHERE username=:username AND password=:password 
time=2023-05-09T14:08:48+07:00 level=debug msg=QUERY login user: [args] {"password":"sts","username":"sts"}
time=2023-05-09T14:12:21+07:00 level=debug msg=Init log successfully setup
time=2023-05-09T14:12:21+07:00 level=debug msg=Connecting to database postgresql://sts:*****@localhost:5432/go_kasir?pool_max_conns=1&pool_min_conns=1&application_name=GoKasir
time=2023-05-09T14:12:21+07:00 level=info msg=Starting pool with max connection  1
time=2023-05-09T14:12:25+07:00 level=debug msg=QUERY login user: SELECT * FROM learn_user WHERE username=:username AND password=:password 
time=2023-05-09T14:12:25+07:00 level=debug msg=QUERY login user: [args] {"password":"sts","username":"sts"}
time=2023-05-09T14:13:10+07:00 level=debug msg=QUERY login user: SELECT * FROM learn_user WHERE username=:username AND password=:password 
time=2023-05-09T14:13:10+07:00 level=debug msg=QUERY login user: [args] {"password":"sts123","username":"sts"}
time=2023-05-09T14:13:47+07:00 level=debug msg=Init log successfully setup
time=2023-05-09T14:13:47+07:00 level=debug msg=Connecting to database postgresql://sts:*****@localhost:5432/go_kasir?pool_max_conns=1&pool_min_conns=1&application_name=GoKasir
time=2023-05-09T14:13:47+07:00 level=info msg=Starting pool with max connection  1
time=2023-05-09T14:14:52+07:00 level=debug msg=Init log successfully setup
time=2023-05-09T14:14:52+07:00 level=debug msg=Connecting to database postgresql://sts:*****@localhost:5432/go_kasir?pool_max_conns=1&pool_min_conns=1&application_name=GoKasir
time=2023-05-09T14:14:52+07:00 level=info msg=Starting pool with max connection  1
time=2023-05-09T14:17:13+07:00 level=debug msg=Init log successfully setup
time=2023-05-09T14:17:13+07:00 level=debug msg=Connecting to database postgresql://sts:*****@localhost:5432/go_kasir?pool_max_conns=1&pool_min_conns=1&application_name=GoKasir
time=2023-05-09T14:17:13+07:00 level=info msg=Starting pool with max connection  1
time=2023-05-09T15:07:28+07:00 level=debug msg=Init log successfully setup
time=2023-05-09T15:07:28+07:00 level=debug msg=Connecting to database postgresql://sts:*****@localhost:5432/go_kasir?pool_max_conns=1&pool_min_conns=1&application_name=GoKasir
time=2023-05-09T15:07:28+07:00 level=info msg=Starting pool with max connection  1
time=2023-05-09T15:08:11+07:00 level=debug msg=Init log successfully setup
time=2023-05-09T15:08:11+07:00 level=debug msg=Connecting to database postgresql://sts:*****@localhost:5432/go_kasir?pool_max_conns=1&pool_min_conns=1&application_name=GoKasir
time=2023-05-09T15:08:11+07:00 level=info msg=Starting pool with max connection  1
time=2023-05-09T15:08:26+07:00 level=debug msg=Init log successfully setup
time=2023-05-09T15:08:26+07:00 level=debug msg=Connecting to database postgresql://sts:*****@localhost:5432/go_kasir?pool_max_conns=1&pool_min_conns=1&application_name=GoKasir
time=2023-05-09T15:08:26+07:00 level=info msg=Starting pool with max connection  1
time=2023-05-09T15:09:14+07:00 level=debug msg=Init log successfully setup
time=2023-05-09T15:09:14+07:00 level=debug msg=Connecting to database postgresql://sts:*****@localhost:5432/go_kasir?pool_max_conns=1&pool_min_conns=1&application_name=GoKasir
time=2023-05-09T15:09:14+07:00 level=info msg=Starting pool with max connection  1
time=2023-05-09T16:46:55+07:00 level=debug msg=Init log successfully setup
time=2023-05-09T16:46:55+07:00 level=debug msg=Connecting to database postgresql://sts:*****@localhost:5432/go_kasir?pool_max_conns=1&pool_min_conns=1&application_name=GoKasir
time=2023-05-09T16:46:55+07:00 level=info msg=Starting pool with max connection  1
time=2023-05-09T16:51:22+07:00 level=debug msg=Init log successfully setup
time=2023-05-09T16:51:22+07:00 level=debug msg=Connecting to database postgresql://sts:*****@localhost:5432/go_kasir?pool_max_conns=1&pool_min_conns=1&application_name=GoKasir
time=2023-05-09T16:51:22+07:00 level=info msg=Starting pool with max connection  1
time=2023-05-09T16:51:49+07:00 level=debug msg=Init log successfully setup
time=2023-05-09T16:51:49+07:00 level=debug msg=Connecting to database postgresql://sts:*****@localhost:5432/go_kasir?pool_max_conns=1&pool_min_conns=1&application_name=GoKasir
time=2023-05-09T16:51:49+07:00 level=info msg=Starting pool with max connection  1
time=2023-05-09T16:52:28+07:00 level=debug msg=Init log successfully setup
time=2023-05-09T16:52:28+07:00 level=debug msg=Connecting to database postgresql://sts:*****@localhost:5432/go_kasir?pool_max_conns=1&pool_min_conns=1&application_name=GoKasir
time=2023-05-09T16:52:28+07:00 level=info msg=Starting pool with max connection  1
time=2023-05-09T16:53:49+07:00 level=debug msg=Init log successfully setup
time=2023-05-09T16:53:49+07:00 level=debug msg=Connecting to database postgresql://sts:*****@localhost:5432/go_kasir?pool_max_conns=1&pool_min_conns=1&application_name=GoKasir
time=2023-05-09T16:53:49+07:00 level=info msg=Starting pool with max connection  1
time=2023-05-09T16:55:03+07:00 level=debug msg=Init log successfully setup
time=2023-05-09T16:55:03+07:00 level=debug msg=Connecting to database postgresql://sts:*****@localhost:5432/go_kasir?pool_max_conns=1&pool_min_conns=1&application_name=GoKasir
time=2023-05-09T16:55:03+07:00 level=info msg=Starting pool with max connection  1
time=2023-05-09T16:55:25+07:00 level=debug msg=Init log successfully setup
time=2023-05-09T16:55:25+07:00 level=debug msg=Connecting to database postgresql://sts:*****@localhost:5432/go_kasir?pool_max_conns=1&pool_min_conns=1&application_name=GoKasir
time=2023-05-09T16:55:25+07:00 level=info msg=Starting pool with max connection  1
time=2023-05-09T16:57:18+07:00 level=debug msg=Init log successfully setup
time=2023-05-09T16:57:18+07:00 level=debug msg=Connecting to database postgresql://sts:*****@localhost:5432/go_kasir?pool_max_conns=1&pool_min_conns=1&application_name=GoKasir
time=2023-05-09T16:57:18+07:00 level=info msg=Starting pool with max connection  1
time=2023-05-09T16:57:52+07:00 level=debug msg=Init log successfully setup
time=2023-05-09T16:57:52+07:00 level=debug msg=Connecting to database postgresql://sts:*****@localhost:5432/go_kasir?pool_max_conns=1&pool_min_conns=1&application_name=GoKasir
time=2023-05-09T16:57:52+07:00 level=info msg=Starting pool with max connection  1
time=2023-05-09T17:40:45+07:00 level=debug msg=Init log successfully setup
time=2023-05-09T17:40:45+07:00 level=debug msg=Connecting to database postgresql://sts:*****@localhost:5432/go_kasir?pool_max_conns=1&pool_min_conns=1&application_name=GoKasir
time=2023-05-09T17:40:45+07:00 level=info msg=Starting pool with max connection  1
time=2023-05-09T17:41:26+07:00 level=debug msg=Init log successfully setup
time=2023-05-09T17:41:26+07:00 level=debug msg=Connecting to database postgresql://sts:*****@localhost:5432/go_kasir?pool_max_conns=1&pool_min_conns=1&application_name=GoKasir
time=2023-05-09T17:41:26+07:00 level=info msg=Starting pool with max connection  1
time=2023-05-09T17:42:20+07:00 level=debug msg=Init log successfully setup
time=2023-05-09T17:42:20+07:00 level=debug msg=Connecting to database postgresql://sts:*****@localhost:5432/go_kasir?pool_max_conns=1&pool_min_conns=1&application_name=GoKasir
time=2023-05-09T17:42:20+07:00 level=info msg=Starting pool with max connection  1
time=2023-05-09T17:43:18+07:00 level=debug msg=Init log successfully setup
time=2023-05-09T17:43:18+07:00 level=debug msg=Connecting to database postgresql://sts:*****@localhost:5432/go_kasir?pool_max_conns=1&pool_min_conns=1&application_name=GoKasir
time=2023-05-09T17:43:18+07:00 level=info msg=Starting pool with max connection  1
time=2023-05-09T17:55:45+07:00 level=debug msg=Init log successfully setup
time=2023-05-09T17:55:45+07:00 level=debug msg=Connecting to database postgresql://sts:*****@localhost:5432/go_kasir?pool_max_conns=1&pool_min_conns=1&application_name=GoKasir
time=2023-05-09T17:55:45+07:00 level=info msg=Starting pool with max connection  1
time=2023-05-09T18:00:18+07:00 level=debug msg=Init log successfully setup
time=2023-05-09T18:00:18+07:00 level=debug msg=Connecting to database postgresql://sts:*****@localhost:5432/go_kasir?pool_max_conns=1&pool_min_conns=1&application_name=GoKasir
time=2023-05-09T18:00:18+07:00 level=info msg=Starting pool with max connection  1
time=2023-05-09T18:11:40+07:00 level=debug msg=Init log successfully setup
time=2023-05-09T18:11:40+07:00 level=debug msg=Connecting to database postgresql://sts:*****@localhost:5432/go_kasir?pool_max_conns=1&pool_min_conns=1&application_name=GoKasir
time=2023-05-09T18:11:40+07:00 level=info msg=Starting pool with max connection  1
time=2023-05-09T18:12:20+07:00 level=debug msg=Init log successfully setup
time=2023-05-09T18:12:20+07:00 level=debug msg=Connecting to database postgresql://sts:*****@localhost:5432/go_kasir?pool_max_conns=1&pool_min_conns=1&application_name=GoKasir
time=2023-05-09T18:12:20+07:00 level=info msg=Starting pool with max connection  1
time=2023-05-09T18:14:29+07:00 level=debug msg=Init log successfully setup
time=2023-05-09T18:14:29+07:00 level=debug msg=Connecting to database postgresql://sts:*****@localhost:5432/go_kasir?pool_max_conns=1&pool_min_conns=1&application_name=GoKasir
time=2023-05-09T18:14:29+07:00 level=info msg=Starting pool with max connection  1
time=2023-05-09T18:15:07+07:00 level=debug msg=Init log successfully setup
time=2023-05-09T18:15:07+07:00 level=debug msg=Connecting to database postgresql://sts:*****@localhost:5432/go_kasir?pool_max_conns=1&pool_min_conns=1&application_name=GoKasir
time=2023-05-09T18:15:07+07:00 level=info msg=Starting pool with max connection  1
time=2023-05-09T18:15:46+07:00 level=debug msg=Init log successfully setup
time=2023-05-09T18:15:46+07:00 level=debug msg=Connecting to database postgresql://sts:*****@localhost:5432/go_kasir?pool_max_conns=1&pool_min_conns=1&application_name=GoKasir
time=2023-05-09T18:15:46+07:00 level=info msg=Starting pool with max connection  1
time=2023-05-09T18:16:22+07:00 level=debug msg=Init log successfully setup
time=2023-05-09T18:16:22+07:00 level=debug msg=Connecting to database postgresql://sts:*****@localhost:5432/go_kasir?pool_max_conns=1&pool_min_conns=1&application_name=GoKasir
time=2023-05-09T18:16:22+07:00 level=info msg=Starting pool with max connection  1
time=2023-05-09T18:17:11+07:00 level=debug msg=Init log successfully setup
time=2023-05-09T18:17:11+07:00 level=debug msg=Connecting to database postgresql://sts:*****@localhost:5432/go_kasir?pool_max_conns=1&pool_min_conns=1&application_name=GoKasir
time=2023-05-09T18:17:11+07:00 level=info msg=Starting pool with max connection  1
time=2023-05-09T18:21:18+07:00 level=debug msg=Init log successfully setup
time=2023-05-09T18:21:18+07:00 level=debug msg=Connecting to database postgresql://sts:*****@localhost:5432/go_kasir?pool_max_conns=1&pool_min_conns=1&application_name=GoKasir
time=2023-05-09T18:21:18+07:00 level=info msg=Starting pool with max connection  1
time=2023-05-09T18:23:05+07:00 level=debug msg=Init log successfully setup
time=2023-05-09T18:23:05+07:00 level=debug msg=Connecting to database postgresql://sts:*****@localhost:5432/go_kasir?pool_max_conns=1&pool_min_conns=1&application_name=GoKasir
time=2023-05-09T18:23:05+07:00 level=info msg=Starting pool with max connection  1
time=2023-05-09T18:23:36+07:00 level=debug msg=Init log successfully setup
time=2023-05-09T18:23:36+07:00 level=debug msg=Connecting to database postgresql://sts:*****@localhost:5432/go_kasir?pool_max_conns=1&pool_min_conns=1&application_name=GoKasir
time=2023-05-09T18:23:36+07:00 level=info msg=Starting pool with max connection  1
time=2023-05-09T18:39:34+07:00 level=debug msg=Init log successfully setup
time=2023-05-09T18:39:34+07:00 level=debug msg=Connecting to database postgresql://sts:*****@localhost:5432/go_kasir?pool_max_conns=1&pool_min_conns=1&application_name=GoKasir
time=2023-05-09T18:39:34+07:00 level=info msg=Starting pool with max connection  1
time=2023-05-09T18:47:25+07:00 level=debug msg=Init log successfully setup
time=2023-05-09T18:47:25+07:00 level=debug msg=Connecting to database postgresql://sts:*****@localhost:5432/go_kasir?pool_max_conns=1&pool_min_conns=1&application_name=GoKasir
time=2023-05-09T18:47:25+07:00 level=info msg=Starting pool with max connection  1
time=2023-05-09T18:48:30+07:00 level=debug msg=Init log successfully setup
time=2023-05-09T18:48:30+07:00 level=debug msg=Connecting to database postgresql://sts:*****@localhost:5432/go_kasir?pool_max_conns=1&pool_min_conns=1&application_name=GoKasir
time=2023-05-09T18:48:30+07:00 level=info msg=Starting pool with max connection  1
time=2023-05-09T18:53:51+07:00 level=debug msg=Init log successfully setup
time=2023-05-09T18:53:51+07:00 level=debug msg=Connecting to database postgresql://sts:*****@localhost:5432/go_kasir?pool_max_conns=1&pool_min_conns=1&application_name=GoKasir
time=2023-05-09T18:53:51+07:00 level=info msg=Starting pool with max connection  1
time=2023-05-09T19:01:57+07:00 level=debug msg=Init log successfully setup
time=2023-05-09T19:01:57+07:00 level=debug msg=Connecting to database postgresql://sts:*****@localhost:5432/go_kasir?pool_max_conns=1&pool_min_conns=1&application_name=GoKasir
time=2023-05-09T19:01:57+07:00 level=info msg=Starting pool with max connection  1
time=2023-05-10T08:54:08+07:00 level=debug msg=Init log successfully setup
time=2023-05-10T08:54:08+07:00 level=debug msg=Connecting to database postgresql://sts:*****@localhost:5432/go_kasir?pool_max_conns=1&pool_min_conns=1&application_name=GoKasir
time=2023-05-10T08:54:08+07:00 level=info msg=Starting pool with max connection  1
time=2023-05-10T09:46:43+07:00 level=debug msg=Init log successfully setup
time=2023-05-10T09:46:43+07:00 level=debug msg=Connecting to database postgresql://sts:*****@localhost:5432/go_kasir?pool_max_conns=1&pool_min_conns=1&application_name=GoKasir
time=2023-05-10T09:46:43+07:00 level=info msg=Starting pool with max connection  1
time=2023-05-10T09:47:43+07:00 level=debug msg=Init log successfully setup
time=2023-05-10T09:47:43+07:00 level=debug msg=Connecting to database postgresql://sts:*****@localhost:5432/go_kasir?pool_max_conns=1&pool_min_conns=1&application_name=GoKasir
time=2023-05-10T09:47:43+07:00 level=info msg=Starting pool with max connection  1
time=2023-05-10T09:49:22+07:00 level=debug msg=Init log successfully setup
time=2023-05-10T09:49:22+07:00 level=debug msg=Connecting to database postgresql://sts:*****@localhost:5432/go_kasir?pool_max_conns=1&pool_min_conns=1&application_name=GoKasir
time=2023-05-10T09:49:22+07:00 level=info msg=Starting pool with max connection  1
